15:54:53.265 [main] DEBUG org.testng.TestNG - suiteXmlPath: "D:\Automation_Projects\OrangeHRM_TestAutomationProject\testng.xml"
15:54:53.904 [main] INFO  org.testng.internal.Utils - [TestNG] Running:
  D:\Automation_Projects\OrangeHRM_TestAutomationProject\testng.xml

15:54:54.045 [main] INFO  com.orangeHRM.qa.testCases.VerifyLoginPageTest - Initializing WebDriver and launching the application.
15:55:07.186 [main] INFO  com.orangeHRM.qa.testCases.VerifyLoginPageTest - Starting test case: TC001_verifyLoginPageTitle
15:55:07.288 [main] INFO  com.orangeHRM.qa.testCases.VerifyLoginPageTest - Verifying login page title. Expected: OrangeHRM, Actual: OrangeHRM
15:55:07.754 [main] INFO  com.orangeHRM.qa.testCases.VerifyLoginPageTest - Initializing WebDriver and launching the application.
15:55:15.538 [main] INFO  com.orangeHRM.qa.testCases.VerifyLoginPageTest - Starting test case: TC002_verifyLoginFunctionality
15:55:19.647 [main] INFO  com.orangeHRM.qa.testCases.VerifyLoginPageTest - Verifying dashboard page header. Expected: Dashboard, Actual: Dashboard
15:55:20.453 [main] DEBUG org.apache.poi.openxml4j.opc.PackageRelationshipCollection - Parsing relationship: /xl/_rels/workbook.xml.rels
15:55:20.463 [main] DEBUG org.apache.poi.openxml4j.opc.PackageRelationshipCollection - Parsing relationship: /_rels/.rels
15:55:21.530 [main] DEBUG org.apache.poi.openxml4j.opc.PackageRelationshipCollection - Parsing relationship: /xl/_rels/workbook.xml.rels
15:55:21.532 [main] DEBUG org.apache.poi.openxml4j.opc.PackageRelationshipCollection - Parsing relationship: /_rels/.rels
15:55:21.578 [main] DEBUG org.apache.poi.openxml4j.opc.PackageRelationshipCollection - Parsing relationship: /xl/_rels/workbook.xml.rels
15:55:21.580 [main] DEBUG org.apache.poi.openxml4j.opc.PackageRelationshipCollection - Parsing relationship: /_rels/.rels
15:55:21.683 [main] DEBUG org.apache.poi.openxml4j.opc.PackageRelationshipCollection - Parsing relationship: /xl/_rels/workbook.xml.rels
15:55:21.684 [main] DEBUG org.apache.poi.openxml4j.opc.PackageRelationshipCollection - Parsing relationship: /_rels/.rels
15:55:21.724 [main] DEBUG org.apache.poi.openxml4j.opc.PackageRelationshipCollection - Parsing relationship: /xl/_rels/workbook.xml.rels
15:55:21.725 [main] DEBUG org.apache.poi.openxml4j.opc.PackageRelationshipCollection - Parsing relationship: /_rels/.rels
15:55:21.769 [main] DEBUG org.apache.poi.openxml4j.opc.PackageRelationshipCollection - Parsing relationship: /xl/_rels/workbook.xml.rels
15:55:21.772 [main] DEBUG org.apache.poi.openxml4j.opc.PackageRelationshipCollection - Parsing relationship: /_rels/.rels
15:55:21.816 [main] DEBUG org.apache.poi.openxml4j.opc.PackageRelationshipCollection - Parsing relationship: /xl/_rels/workbook.xml.rels
15:55:21.818 [main] DEBUG org.apache.poi.openxml4j.opc.PackageRelationshipCollection - Parsing relationship: /_rels/.rels
15:55:21.853 [main] DEBUG org.apache.poi.openxml4j.opc.PackageRelationshipCollection - Parsing relationship: /xl/_rels/workbook.xml.rels
15:55:21.854 [main] DEBUG org.apache.poi.openxml4j.opc.PackageRelationshipCollection - Parsing relationship: /_rels/.rels
15:55:21.889 [main] DEBUG org.apache.poi.openxml4j.opc.PackageRelationshipCollection - Parsing relationship: /xl/_rels/workbook.xml.rels
15:55:21.891 [main] DEBUG org.apache.poi.openxml4j.opc.PackageRelationshipCollection - Parsing relationship: /_rels/.rels
15:55:21.925 [main] DEBUG org.apache.poi.openxml4j.opc.PackageRelationshipCollection - Parsing relationship: /xl/_rels/workbook.xml.rels
15:55:21.927 [main] DEBUG org.apache.poi.openxml4j.opc.PackageRelationshipCollection - Parsing relationship: /_rels/.rels
15:55:21.959 [main] DEBUG org.apache.poi.openxml4j.opc.PackageRelationshipCollection - Parsing relationship: /xl/_rels/workbook.xml.rels
15:55:21.961 [main] DEBUG org.apache.poi.openxml4j.opc.PackageRelationshipCollection - Parsing relationship: /_rels/.rels
15:55:21.994 [main] DEBUG org.apache.poi.openxml4j.opc.PackageRelationshipCollection - Parsing relationship: /xl/_rels/workbook.xml.rels
15:55:21.996 [main] DEBUG org.apache.poi.openxml4j.opc.PackageRelationshipCollection - Parsing relationship: /_rels/.rels
15:55:22.023 [main] DEBUG org.apache.poi.openxml4j.opc.PackageRelationshipCollection - Parsing relationship: /xl/_rels/workbook.xml.rels
15:55:22.024 [main] DEBUG org.apache.poi.openxml4j.opc.PackageRelationshipCollection - Parsing relationship: /_rels/.rels
15:55:22.047 [main] DEBUG org.apache.poi.openxml4j.opc.PackageRelationshipCollection - Parsing relationship: /xl/_rels/workbook.xml.rels
15:55:22.048 [main] DEBUG org.apache.poi.openxml4j.opc.PackageRelationshipCollection - Parsing relationship: /_rels/.rels
15:55:22.080 [main] DEBUG org.apache.poi.openxml4j.opc.PackageRelationshipCollection - Parsing relationship: /xl/_rels/workbook.xml.rels
15:55:22.081 [main] DEBUG org.apache.poi.openxml4j.opc.PackageRelationshipCollection - Parsing relationship: /_rels/.rels
15:55:22.108 [main] DEBUG org.apache.poi.openxml4j.opc.PackageRelationshipCollection - Parsing relationship: /xl/_rels/workbook.xml.rels
15:55:22.109 [main] DEBUG org.apache.poi.openxml4j.opc.PackageRelationshipCollection - Parsing relationship: /_rels/.rels
15:55:22.141 [main] DEBUG org.apache.poi.openxml4j.opc.PackageRelationshipCollection - Parsing relationship: /xl/_rels/workbook.xml.rels
15:55:22.143 [main] DEBUG org.apache.poi.openxml4j.opc.PackageRelationshipCollection - Parsing relationship: /_rels/.rels
15:55:22.177 [main] INFO  com.orangeHRM.qa.testCases.VerifyLoginPageTest - Initializing WebDriver and launching the application.
15:55:30.662 [main] INFO  com.orangeHRM.qa.testCases.VerifyLoginPageTest - Starting test case: TC003_verifyValidAndInvalidLoginFunctionality
15:55:39.546 [main] INFO  com.orangeHRM.qa.testCases.VerifyLoginPageTest - Initializing WebDriver and launching the application.
15:55:49.690 [main] INFO  com.orangeHRM.qa.testCases.VerifyLoginPageTest - Starting test case: TC003_verifyValidAndInvalidLoginFunctionality
15:56:02.428 [main] INFO  com.orangeHRM.qa.testCases.VerifyLoginPageTest - Initializing WebDriver and launching the application.
15:56:11.141 [main] INFO  com.orangeHRM.qa.testCases.VerifyLoginPageTest - Starting test case: TC003_verifyValidAndInvalidLoginFunctionality
15:56:23.709 [main] INFO  com.orangeHRM.qa.testCases.VerifyLoginPageTest - Initializing WebDriver and launching the application.
15:56:34.965 [main] INFO  com.orangeHRM.qa.testCases.VerifyLoginPageTest - Starting test case: TC003_verifyValidAndInvalidLoginFunctionality
15:56:47.787 [main] INFO  com.orangeHRM.qa.testCases.VerifyLoginPageTest - Initializing WebDriver and launching the application.
15:57:10.792 [main] INFO  com.orangeHRM.qa.testCases.VerifyLoginPageTest - Starting test case: TC003_verifyValidAndInvalidLoginFunctionality
16:01:58.424 [main] DEBUG org.testng.TestNG - suiteXmlPath: "D:\Automation_Projects\OrangeHRM_TestAutomationProject\testng.xml"
16:01:58.961 [main] INFO  org.testng.internal.Utils - [TestNG] Running:
  D:\Automation_Projects\OrangeHRM_TestAutomationProject\testng.xml

16:01:59.107 [main] INFO  com.orangeHRM.qa.testCases.VerifyLoginPageTest - Initializing WebDriver and launching the application.
16:02:16.832 [main] INFO  com.orangeHRM.qa.testCases.VerifyLoginPageTest - Starting test case: TC001_verifyLoginPageTitle
16:02:16.919 [main] INFO  com.orangeHRM.qa.testCases.VerifyLoginPageTest - Verifying login page title. Expected: OrangeHRM, Actual: OrangeHRM
